<?xml version="1.0" encoding="UTF-8"?>
<!-- Generated by org.testng.reporters.JUnitReportReporter -->
<testsuite skipped="0" hostname="RED24LAP061" name="SeleniumTestng.BasicBrowserTestng" tests="1" failures="0" timestamp="21 Jul 2018 11:38:54 GMT" time="71.234" errors="0">
  <testcase name="basicWeb" time="71.234" classname="SeleniumTestng.BasicBrowserTestng"/>
</testsuite> <!-- SeleniumTestng.BasicBrowserTestng -->
