<?xml version="1.0" encoding="UTF-8"?>
<!-- Generated by org.testng.reporters.JUnitReportReporter -->
<testsuite skipped="0" hostname="RED24LAP061" name="SeleniumTestng.BasicTestWithReportingDashboard" tests="1" failures="0" timestamp="21 Jul 2018 12:42:54 GMT" time="27.050" errors="0">
  <testcase name="basicWeb" time="27.050" classname="SeleniumTestng.BasicTestWithReportingDashboard"/>
</testsuite> <!-- SeleniumTestng.BasicTestWithReportingDashboard -->
