<?xml version="1.0" encoding="UTF-8"?>
<!-- Generated by org.testng.reporters.JUnitReportReporter -->
<testsuite skipped="0" hostname="RED24LAP061" name="com.expedia.Flights.TestBasicfunctions" tests="1" failures="0" timestamp="23 Jul 2018 14:09:11 GMT" time="23.053" errors="0">
  <testcase name="basicWeb" time="23.053" classname="com.expedia.Flights.TestBasicfunctions"/>
</testsuite> <!-- com.expedia.Flights.TestBasicfunctions -->
